Sat, Mar 22, 2025  3:56:21 PM: 
 exercises.c | 16 +++++++++++++---
 1 file changed, 13 insertions(+), 3 deletions(-)
In file included from test.c:5:
exercises.c: In function 'sumaLista':
exercises.c:64:10: error: assignment to 'int' from 'void *' makes integer from pointer without a cast [-Werror=int-conversion]
   64 |    valor = first(L);
      |          ^
exercises.c: In function 'eliminaElementos':
exercises.c:85:10: error: assignment to 'int' from 'void *' makes integer from pointer without a cast [-Werror=int-conversion]
   85 |    valor = first(L);
      |          ^
exercises.c:91:11: error: 'return' with a value, in function returning void [-Werror=return-type]
   91 |    return 0;
      |           ^
exercises.c:82:6: note: declared here
   82 | void eliminaElementos(List*L, int elem)
      |      ^~~~~~~~~~~~~~~~
cc1.exe: all warnings being treated as errors
Compilation failed
4829cc2
Sat, Mar 22, 2025  3:59:04 PM: 
 exercises.c | 3 +--
 1 file changed, 1 insertion(+), 2 deletions(-)
In file included from test.c:5:
exercises.c: In function 'sumaLista':
exercises.c:64:10: error: assignment to 'int' from 'void *' makes integer from pointer without a cast [-Werror=int-conversion]
   64 |    valor = first(L);
      |          ^
exercises.c: In function 'eliminaElementos':
exercises.c:85:12: error: cast from pointer to integer of different size [-Werror=pointer-to-int-cast]
   85 |    valor = (int)first(L);
      |            ^
cc1.exe: all warnings being treated as errors
Compilation failed
5cbff0c
Sat, Mar 22, 2025  3:59:28 PM: 
In file included from test.c:5:
exercises.c: In function 'sumaLista':
exercises.c:64:10: error: assignment to 'int' from 'void *' makes integer from pointer without a cast [-Werror=int-conversion]
   64 |    valor = first(L);
      |          ^
exercises.c: In function 'eliminaElementos':
exercises.c:85:12: error: cast from pointer to integer of different size [-Werror=pointer-to-int-cast]
   85 |    valor = (int)first(L);
      |            ^
cc1.exe: all warnings being treated as errors
Compilation failed
c4d849b
Sat, Mar 22, 2025  3:59:43 PM: 
 exercises.c | 2 +-
 1 file changed, 1 insertion(+), 1 deletion(-)
In file included from test.c:5:
exercises.c: In function 'sumaLista':
exercises.c:64:12: error: cast from pointer to integer of different size [-Werror=pointer-to-int-cast]
   64 |    valor = (int)first(L);
      |            ^
exercises.c: In function 'eliminaElementos':
exercises.c:85:12: error: cast from pointer to integer of different size [-Werror=pointer-to-int-cast]
   85 |    valor = (int)first(L);
      |            ^
cc1.exe: all warnings being treated as errors
Compilation failed
b01f116
Sat, Mar 22, 2025  4:01:51 PM: 
 exercises.c | 7 ++++---
 1 file changed, 4 insertions(+), 3 deletions(-)
In file included from test.c:5:
exercises.c: In function 'sumaLista':
exercises.c:68:15: error: cast from pointer to integer of different size [-Werror=pointer-to-int-cast]
   68 |       suma += (int)valor;
      |               ^
exercises.c: In function 'eliminaElementos':
exercises.c:86:12: error: cast from pointer to integer of different size [-Werror=pointer-to-int-cast]
   86 |    valor = (int)first(L);
      |            ^
cc1.exe: all warnings being treated as errors
Compilation failed
aebef9a
Sat, Mar 22, 2025  4:04:02 PM: 
 exercises.c | 9 ++++++---
 1 file changed, 6 insertions(+), 3 deletions(-)
In file included from test.c:5:
exercises.c: In function 'sumaLista':
exercises.c:68:15: error: cast from pointer to integer of different size [-Werror=pointer-to-int-cast]
   68 |       suma += (int)valor;
      |               ^
exercises.c: In function 'eliminaElementos':
exercises.c:92:16: error: comparison between pointer and integer [-Werror]
   92 |       if(valor == elem) popCurrent(L);
      |                ^~
cc1.exe: all warnings being treated as errors
Compilation failed
15ab7d3
Sat, Mar 22, 2025  4:07:14 PM: 
 exercises.c | 4 ++--
 1 file changed, 2 insertions(+), 2 deletions(-)
In file included from test.c:5:
exercises.c: In function 'sumaLista':
exercises.c:68:15: error: invalid use of incomplete typedef 'List'
   68 |       suma += (*valor);
      |               ^
exercises.c:63:17: error: variable 'suma' set but not used [-Werror=unused-but-set-variable]
   63 |    int control, suma = 0;
      |                 ^~~~
exercises.c: In function 'eliminaElementos':
exercises.c:92:10: error: invalid use of incomplete typedef 'List'
   92 |       if((*valor) == elem) popCurrent(L);
      |          ^
cc1.exe: all warnings being treated as errors
Compilation failed
96ebd32
Sun, Mar 23, 2025 12:29:43 PM: 
In file included from test.c:5:
exercises.c: In function 'sumaLista':
exercises.c:69:15: error: invalid use of incomplete typedef 'List'
   69 |       suma += (*valor);
      |               ^
exercises.c:63:17: error: variable 'suma' set but not used [-Werror=unused-but-set-variable]
   63 |    int control, suma = 0;
      |                 ^~~~
exercises.c: In function 'eliminaElementos':
exercises.c:93:10: error: invalid use of incomplete typedef 'List'
   93 |       if((*valor) == elem) popCurrent(L);
      |          ^
cc1.exe: all warnings being treated as errors
Compilation failed
2bdb384
Sun, Mar 23, 2025 12:33:42 PM: 
 exercises.c | 8 +++-----
 1 file changed, 3 insertions(+), 5 deletions(-)
In file included from test.c:5:
exercises.c: In function 'sumaLista':
exercises.c:64:18: error: implicit declaration of function 'createlist'; did you mean 'create_list'? [-Werror=implicit-function-declaration]
   64 |    List *valor = createlist();
      |                  ^~~~~~~~~~
      |                  create_list
exercises.c:64:18: error: initialization of 'List *' from 'int' makes pointer from integer without a cast [-Werror=int-conversion]
exercises.c:69:20: error: invalid use of incomplete typedef 'List'
   69 |       suma += (int)(*valor);
      |                    ^
exercises.c:63:17: error: variable 'suma' set but not used [-Werror=unused-but-set-variable]
   63 |    int control, suma = 0;
      |                 ^~~~
exercises.c: In function 'eliminaElementos':
exercises.c:91:10: error: invalid use of incomplete typedef 'List'
   91 |       if((*valor) == elem) popCurrent(L);
      |          ^
cc1.exe: all warnings being treated as errors
Compilation failed
1120c88
Sun, Mar 23, 2025 12:34:14 PM: 
 exercises.c | 2 +-
 1 file changed, 1 insertion(+), 1 deletion(-)
In file included from test.c:5:
exercises.c: In function 'sumaLista':
exercises.c:69:20: error: invalid use of incomplete typedef 'List'
   69 |       suma += (int)(*valor);
      |                    ^
exercises.c:63:17: error: variable 'suma' set but not used [-Werror=unused-but-set-variable]
   63 |    int control, suma = 0;
      |                 ^~~~
exercises.c: In function 'eliminaElementos':
exercises.c:91:10: error: invalid use of incomplete typedef 'List'
   91 |       if((*valor) == elem) popCurrent(L);
      |          ^
cc1.exe: all warnings being treated as errors
Compilation failed
308176a
Sun, Mar 23, 2025 12:38:34 PM: 
In file included from test.c:5:
exercises.c: In function 'sumaLista':
exercises.c:69:20: error: invalid use of incomplete typedef 'List'
   69 |       suma += (int)(*valor);
      |                    ^
exercises.c:63:17: error: variable 'suma' set but not used [-Werror=unused-but-set-variable]
   63 |    int control, suma = 0;
      |                 ^~~~
exercises.c: In function 'eliminaElementos':
exercises.c:91:10: error: invalid use of incomplete typedef 'List'
   91 |       if((*valor) == elem) popCurrent(L);
      |          ^
cc1.exe: all warnings being treated as errors
Compilation failed
afb46b0
Sun, Mar 23, 2025 12:38:50 PM: 
 exercises.c | 4 ++--
 1 file changed, 2 insertions(+), 2 deletions(-)
In file included from test.c:5:
exercises.c: In function 'sumaLista':
exercises.c:69:20: error: invalid use of incomplete typedef 'List'
   69 |       suma += (int)(*valor);
      |                    ^
exercises.c: In function 'eliminaElementos':
exercises.c:91:10: error: cast from pointer to integer of different size [-Werror=pointer-to-int-cast]
   91 |       if((int)(valor) == elem) popCurrent(L);
      |          ^
cc1.exe: all warnings being treated as errors
Compilation failed
833be34
Sun, Mar 23, 2025 12:39:46 PM: 
In file included from test.c:5:
exercises.c: In function 'sumaLista':
exercises.c:69:20: error: invalid use of incomplete typedef 'List'
   69 |       suma += (int)(*valor);
      |                    ^
exercises.c: In function 'eliminaElementos':
exercises.c:91:10: error: cast from pointer to integer of different size [-Werror=pointer-to-int-cast]
   91 |       if((int)(valor) == elem) popCurrent(L);
      |          ^
cc1.exe: all warnings being treated as errors
Compilation failed
4311ab4
Sun, Mar 23, 2025 12:39:55 PM: 
 exercises.c | 2 +-
 1 file changed, 1 insertion(+), 1 deletion(-)
In file included from test.c:5:
exercises.c: In function 'sumaLista':
exercises.c:69:16: error: cast from pointer to integer of different size [-Werror=pointer-to-int-cast]
   69 |       suma += ((int)(valor));
      |                ^
exercises.c: In function 'eliminaElementos':
exercises.c:91:10: error: cast from pointer to integer of different size [-Werror=pointer-to-int-cast]
   91 |       if((int)(valor) == elem) popCurrent(L);
      |          ^
cc1.exe: all warnings being treated as errors
Compilation failed
524d480
Sun, Mar 23, 2025 12:41:36 PM: 
 exercises.c | 4 ++--
 1 file changed, 2 insertions(+), 2 deletions(-)
In file included from test.c:5:
exercises.c: In function 'sumaLista':
exercises.c:69:16: error: cast from pointer to integer of different size [-Werror=pointer-to-int-cast]
   69 |       suma += ((int)(valor));
      |                ^
exercises.c: In function 'eliminaElementos':
exercises.c:91:10: error: cast from pointer to integer of different size [-Werror=pointer-to-int-cast]
   91 |       if((int)(valor) == elem) popCurrent(L);
      |          ^
cc1.exe: all warnings being treated as errors
Compilation failed
db8bf4d
Sun, Mar 23, 2025 12:43:33 PM: 
 exercises.c | 4 ++--
 1 file changed, 2 insertions(+), 2 deletions(-)
In file included from test.c:5:
exercises.c: In function 'sumaLista':
exercises.c:69:27: error: invalid use of incomplete typedef 'List'
   69 |       suma += ((int)(valor->data));
      |                           ^~
exercises.c: In function 'eliminaElementos':
exercises.c:91:21: error: invalid use of incomplete typedef 'List'
   91 |       if((int)(valor->data) == elem) popCurrent(L);
      |                     ^~
Compilation failed
c210f8f
Sun, Mar 23, 2025 12:44:13 PM: 
 exercises.c | 4 ++--
 1 file changed, 2 insertions(+), 2 deletions(-)
In file included from test.c:5:
exercises.c: In function 'sumaLista':
exercises.c:69:27: error: 'valor' is a pointer; did you mean to use '->'?
   69 |       suma += ((int)(valor.data));
      |                           ^
      |                           ->
exercises.c:64:10: error: variable 'valor' set but not used [-Werror=unused-but-set-variable]
   64 |    List *valor = first(L);
      |          ^~~~~
exercises.c: In function 'eliminaElementos':
exercises.c:91:21: error: 'valor' is a pointer; did you mean to use '->'?
   91 |       if((int)(valor.data) == elem) popCurrent(L);
      |                     ^
      |                     ->
exercises.c:86:10: error: variable 'valor' set but not used [-Werror=unused-but-set-variable]
   86 |    List *valor = first(L);
      |          ^~~~~
cc1.exe: all warnings being treated as errors
Compilation failed
0719580
Sun, Mar 23, 2025 12:44:46 PM: 
 exercises.c | 4 ++--
 1 file changed, 2 insertions(+), 2 deletions(-)
In file included from test.c:5:
exercises.c: In function 'sumaLista':
exercises.c:69:27: error: invalid use of incomplete typedef 'List'
   69 |       suma += ((int)(valor->data));
      |                           ^~
exercises.c: In function 'eliminaElementos':
exercises.c:91:21: error: invalid use of incomplete typedef 'List'
   91 |       if((int)(valor->data) == elem) popCurrent(L);
      |                     ^~
Compilation failed
f7a55f9
Sun, Mar 23, 2025 12:46:52 PM: 
 exercises.c | 3 +--
 1 file changed, 1 insertion(+), 2 deletions(-)
In file included from test.c:5:
exercises.c: In function 'sumaLista':
exercises.c:68:27: error: invalid use of incomplete typedef 'List'
   68 |       suma += ((int)(valor->data));
      |                           ^~
exercises.c: In function 'eliminaElementos':
exercises.c:90:21: error: invalid use of incomplete typedef 'List'
   90 |       if((int)(valor->data) == elem) popCurrent(L);
      |                     ^~
Compilation failed
fcbc89b
Sun, Mar 23, 2025 12:49:33 PM: 
 exercises.c | 4 ++--
 1 file changed, 2 insertions(+), 2 deletions(-)
In file included from test.c:5:
exercises.c: In function 'sumaLista':
exercises.c:68:29: error: invalid use of incomplete typedef 'List'
   68 |       suma += (*(int*)(valor->data));
      |                             ^~
exercises.c: In function 'eliminaElementos':
exercises.c:90:23: error: invalid use of incomplete typedef 'List'
   90 |       if(*(int*)(valor->data) == elem) popCurrent(L);
      |                       ^~
Compilation failed
f88134a
Sun, Mar 23, 2025 12:55:04 PM: 
 exercises.c | 4 ++--
 1 file changed, 2 insertions(+), 2 deletions(-)
In file included from test.c:5:
exercises.c: In function 'sumaLista':
exercises.c:68:28: error: invalid use of incomplete typedef 'List'
   68 |       suma += ((int*)(valor->data));
      |                            ^~
exercises.c: In function 'eliminaElementos':
exercises.c:90:22: error: invalid use of incomplete typedef 'List'
   90 |       if((int*)(valor->data) == elem) popCurrent(L);
      |                      ^~
Compilation failed
a5f9789
Sun, Mar 23, 2025 12:56:43 PM: 
 exercises.c | 4 ++--
 1 file changed, 2 insertions(+), 2 deletions(-)
In file included from test.c:5:
exercises.c: In function 'sumaLista':
exercises.c:68:29: error: invalid use of incomplete typedef 'List'
   68 |       suma += (*(int*)(valor->data));
      |                             ^~
exercises.c: In function 'eliminaElementos':
exercises.c:90:23: error: invalid use of incomplete typedef 'List'
   90 |       if(*(int*)(valor->data) == elem) popCurrent(L);
      |                       ^~
Compilation failed
8d79376
Sun, Mar 23, 2025  1:04:06 PM: 
 exercises.c | 2 +-
 1 file changed, 1 insertion(+), 1 deletion(-)
In file included from test.c:5:
exercises.c: In function 'sumaLista':
exercises.c:68:29: error: invalid use of incomplete typedef 'List'
   68 |       suma += (*(int*)(valor->data));
      |                             ^~
exercises.c: In function 'eliminaElementos':
exercises.c:90:24: error: invalid use of incomplete typedef 'List'
   90 |       if(*(int*)(*valor->data) == elem) popCurrent(L);
      |                        ^~
Compilation failed
e206e8e
Sun, Mar 23, 2025  1:57:09 PM: 
 exercises.c | 12 +++++++-----
 1 file changed, 7 insertions(+), 5 deletions(-)
In file included from test.c:5:
exercises.c: In function 'sumaLista':
exercises.c:68:29: error: invalid use of incomplete typedef 'List'
   68 |       suma += (*(int*)(valor->data));
      |                             ^~
exercises.c: In function 'eliminaElementos':
exercises.c:89:24: error: invalid use of incomplete typedef 'List'
   89 |       if (*(int*)(valor->data) == elem)
      |                        ^~
Compilation failed
9b8b7b7
Sun, Mar 23, 2025  2:02:31 PM: 
 exercises.c | 12 +++++-------
 1 file changed, 5 insertions(+), 7 deletions(-)
In file included from test.c:5:
exercises.c: In function 'sumaLista':
exercises.c:68:29: error: invalid use of incomplete typedef 'List'
   68 |       suma += (*(int*)(valor->data));
      |                             ^~
exercises.c: In function 'eliminaElementos':
exercises.c:90:15: error: invalid use of incomplete typedef 'List'
   90 |       if(valor->data != NULL && *(int*)(valor->data) == elem) popCurrent(L);
      |               ^~
exercises.c:90:46: error: invalid use of incomplete typedef 'List'
   90 |       if(valor->data != NULL && *(int*)(valor->data) == elem) popCurrent(L);
      |                                              ^~
Compilation failed
3012c22
Sun, Mar 23, 2025  2:02:49 PM: 
 exercises.c | 2 +-
 1 file changed, 1 insertion(+), 1 deletion(-)
In file included from test.c:5:
exercises.c: In function 'sumaLista':
exercises.c:68:29: error: invalid use of incomplete typedef 'List'
   68 |       suma += (*(int*)(valor->data));
      |                             ^~
exercises.c: In function 'eliminaElementos':
exercises.c:90:23: error: invalid use of incomplete typedef 'List'
   90 |       if(*(int*)(valor->data) == elem) popCurrent(L);
      |                       ^~
Compilation failed
2ce798d
Sun, Mar 23, 2025  2:07:09 PM: 
 exercises.c | 15 ++++++++++++---
 1 file changed, 12 insertions(+), 3 deletions(-)
In file included from test.c:5:
exercises.c: In function 'sumaLista':
exercises.c:68:29: error: invalid use of incomplete typedef 'List'
   68 |       suma += (*(int*)(valor->data));
      |                             ^~
exercises.c: In function 'eliminaElementos':
exercises.c:89:27: error: implicit declaration of function 'getData' [-Werror=implicit-function-declaration]
   89 |         int* data = (int*)getData(valor);  // Obtener datos usando la función correcta
      |                           ^~~~~~~
exercises.c:89:21: error: cast to pointer from integer of different size [-Werror=int-to-pointer-cast]
   89 |         int* data = (int*)getData(valor);  // Obtener datos usando la función correcta
      |                     ^
cc1.exe: all warnings being treated as errors
Compilation failed
c1f7721
Sun, Mar 23, 2025  2:07:39 PM: 
 exercises.c | 15 +++------------
 1 file changed, 3 insertions(+), 12 deletions(-)
In file included from test.c:5:
exercises.c: In function 'sumaLista':
exercises.c:68:29: error: invalid use of incomplete typedef 'List'
   68 |       suma += (*(int*)(valor->data));
      |                             ^~
exercises.c: In function 'eliminaElementos':
exercises.c:90:23: error: invalid use of incomplete typedef 'List'
   90 |       if(*(int*)(valor->data) == elem) popCurrent(L);
      |                       ^~
Compilation failed
327f497
Sun, Mar 23, 2025  2:08:14 PM: 
 exercises.c | 2 +-
 1 file changed, 1 insertion(+), 1 deletion(-)
In file included from test.c:5:
exercises.c: In function 'sumaLista':
exercises.c:68:29: error: invalid use of incomplete typedef 'List'
   68 |       suma += (*(int*)(valor->data));
      |                             ^~
exercises.c: In function 'eliminaElementos':
exercises.c:90:23: error: 'valor' is a pointer; did you mean to use '->'?
   90 |       if(*(int*)(valor.data) == elem) popCurrent(L);
      |                       ^
      |                       ->
exercises.c:85:10: error: variable 'valor' set but not used [-Werror=unused-but-set-variable]
   85 |    List *valor = first(L);
      |          ^~~~~
cc1.exe: all warnings being treated as errors
Compilation failed
9f4184d
Sun, Mar 23, 2025  2:08:29 PM: 
 exercises.c | 2 +-
 1 file changed, 1 insertion(+), 1 deletion(-)
In file included from test.c:5:
exercises.c: In function 'sumaLista':
exercises.c:68:29: error: invalid use of incomplete typedef 'List'
   68 |       suma += (*(int*)(valor->data));
      |                             ^~
exercises.c: In function 'eliminaElementos':
exercises.c:90:23: error: invalid use of incomplete typedef 'List'
   90 |       if(*(int*)(valor->data) == elem) popCurrent(L);
      |                       ^~
Compilation failed
2eb4209
Sun, Mar 23, 2025  2:08:49 PM: 
In file included from test.c:5:
exercises.c: In function 'sumaLista':
exercises.c:68:29: error: invalid use of incomplete typedef 'List'
   68 |       suma += (*(int*)(valor->data));
      |                             ^~
exercises.c: In function 'eliminaElementos':
exercises.c:90:23: error: invalid use of incomplete typedef 'List'
   90 |       if(*(int*)(valor->data) == elem) popCurrent(L);
      |                       ^~
Compilation failed
a32bed1
Sun, Mar 23, 2025  2:09:09 PM: 
 exercises.c | 2 +-
 1 file changed, 1 insertion(+), 1 deletion(-)
In file included from test.c:5:
exercises.c: In function 'sumaLista':
exercises.c:68:29: error: invalid use of incomplete typedef 'List'
   68 |       suma += (*(int*)(valor->data));
      |                             ^~
exercises.c: In function 'eliminaElementos':
exercises.c:90:22: error: invalid use of incomplete typedef 'List'
   90 |       if(*(int)(valor->data) == elem) popCurrent(L);
      |                      ^~
Compilation failed
70f3a82
Sun, Mar 23, 2025  2:09:42 PM: 
 exercises.c | 8 ++++----
 1 file changed, 4 insertions(+), 4 deletions(-)
In file included from test.c:5:
exercises.c: In function 'sumaLista':
exercises.c:63:4: error: variable 'valor' has initializer but incomplete type
   63 |    List valor = first(L);
      |    ^~~~
exercises.c:63:9: error: storage size of 'valor' isn't known
   63 |    List valor = first(L);
      |         ^~~~~
exercises.c:63:9: error: unused variable 'valor' [-Werror=unused-variable]
exercises.c: In function 'eliminaElementos':
exercises.c:85:4: error: variable 'valor' has initializer but incomplete type
   85 |    List valor = first(L);
      |    ^~~~
exercises.c:85:9: error: storage size of 'valor' isn't known
   85 |    List valor = first(L);
      |         ^~~~~
exercises.c:85:9: error: unused variable 'valor' [-Werror=unused-variable]
cc1.exe: all warnings being treated as errors
Compilation failed
12685f9
Sun, Mar 23, 2025  2:12:21 PM: 
 exercises.c | 4 ++--
 1 file changed, 2 insertions(+), 2 deletions(-)
In file included from test.c:5:
exercises.c: In function 'sumaLista':
exercises.c:68:28: error: 'valor' is a pointer; did you mean to use '->'?
   68 |       suma += (*(int)(valor.data));
      |                            ^
      |                            ->
exercises.c:63:10: error: variable 'valor' set but not used [-Werror=unused-but-set-variable]
   63 |    List *valor = first(L);
      |          ^~~~~
exercises.c: In function 'eliminaElementos':
exercises.c:90:22: error: 'valor' is a pointer; did you mean to use '->'?
   90 |       if(*(int)(valor.data) == elem) popCurrent(L);
      |                      ^
      |                      ->
exercises.c:85:10: error: variable 'valor' set but not used [-Werror=unused-but-set-variable]
   85 |    List *valor = first(L);
      |          ^~~~~
cc1.exe: all warnings being treated as errors
Compilation failed
de2564c
Sun, Mar 23, 2025  2:12:41 PM: 
 exercises.c | 4 ++--
 1 file changed, 2 insertions(+), 2 deletions(-)
In file included from test.c:5:
exercises.c: In function 'sumaLista':
exercises.c:68:28: error: invalid use of incomplete typedef 'List'
   68 |       suma += (*(int)(valor->data));
      |                            ^~
exercises.c: In function 'eliminaElementos':
exercises.c:90:22: error: invalid use of incomplete typedef 'List'
   90 |       if(*(int)(valor->data) == elem) popCurrent(L);
      |                      ^~
Compilation failed
1eff29c
Sun, Mar 23, 2025  2:16:41 PM: 
 exercises.c | 4 ++--
 1 file changed, 2 insertions(+), 2 deletions(-)
In file included from test.c:5:
exercises.c: In function 'sumaLista':
exercises.c:68:29: error: invalid use of incomplete typedef 'List'
   68 |       suma += (*(int*)(valor->data));
      |                             ^~
exercises.c: In function 'eliminaElementos':
exercises.c:90:23: error: invalid use of incomplete typedef 'List'
   90 |       if(*(int*)(valor->data) == elem) popCurrent(L);
      |                       ^~
Compilation failed
e32ff71
Sun, Mar 23, 2025  2:24:43 PM: 
 exercises.c | 14 ++++++++++++++
 1 file changed, 14 insertions(+)
In file included from test.c:5:
exercises.c: In function 'sumaLista':
exercises.c:68:29: error: invalid use of incomplete typedef 'List'
   68 |       suma += (*(int*)(valor->data));
      |                             ^~
exercises.c: In function 'eliminaElementos':
exercises.c:90:23: error: invalid use of incomplete typedef 'List'
   90 |       if(*(int*)(valor->data) == elem) popCurrent(L);
      |                       ^~
Compilation failed
da1ee54
Sun, Mar 23, 2025  2:25:02 PM: 
In file included from test.c:5:
exercises.c: In function 'sumaLista':
exercises.c:68:29: error: invalid use of incomplete typedef 'List'
   68 |       suma += (*(int*)(valor->data));
      |                             ^~
exercises.c: In function 'eliminaElementos':
exercises.c:90:23: error: invalid use of incomplete typedef 'List'
   90 |       if(*(int*)(valor->data) == elem) popCurrent(L);
      |                       ^~
Compilation failed
06301ed
Sun, Mar 23, 2025  3:40:01 PM: 
 exercises.c | 29 ++++++++++++++++++++++++++---
 1 file changed, 26 insertions(+), 3 deletions(-)
In file included from test.c:5:
exercises.c: In function 'parentesisBalanceados':
exercises.c:137:24: error: passing argument 2 of 'push' makes pointer from integer without a cast [-Werror=int-conversion]
  137 |       push(pila, cadena[talla]);
      |                  ~~~~~~^~~~~~~
      |                        |
      |                        char
In file included from exercises.c:7:
stack.h:11:31: note: expected 'void *' but argument is of type 'char'
   11 | void push(Stack *stack, void *data) { pushFront(stack, data); }
      |                         ~~~~~~^~~~
exercises.c:145:27: error: passing argument 1 of 'strcmp' makes pointer from integer without a cast [-Werror=int-conversion]
  145 |          if (strcmp(cadena[control], cadena[control2]) == 0)
      |                     ~~~~~~^~~~~~~~~
      |                           |
      |                           char
In file included from test.c:3:
C:/msys64/ucrt64/include/string.h:63:34: note: expected 'const char *' but argument is of type 'char'
   63 |   int __cdecl strcmp(const char *_Str1,const char *_Str2);
      |                      ~~~~~~~~~~~~^~~~~
exercises.c:145:44: error: passing argument 2 of 'strcmp' makes pointer from integer without a cast [-Werror=int-conversion]
  145 |          if (strcmp(cadena[control], cadena[control2]) == 0)
      |                                      ~~~~~~^~~~~~~~~~
      |                                            |
      |                                            char
C:/msys64/ucrt64/include/string.h:63:52: note: expected 'const char *' but argument is of type 'char'
   63 |   int __cdecl strcmp(const char *_Str1,const char *_Str2);
      |                                        ~~~~~~~~~~~~^~~~~
exercises.c:132:11: error: unused variable 'pila2' [-Werror=unused-variable]
  132 |    Stack *pila2 = create_stack();
      |           ^~~~~
cc1.exe: all warnings being treated as errors
Compilation failed
78c04eb
Sun, Mar 23, 2025  3:43:14 PM: 
 exercises.c | 3 ---
 1 file changed, 3 deletions(-)
In file included from test.c:5:
exercises.c: In function 'parentesisBalanceados':
exercises.c:142:27: error: passing argument 1 of 'strcmp' makes pointer from integer without a cast [-Werror=int-conversion]
  142 |          if (strcmp(cadena[control], cadena[control2]) == 0)
      |                     ~~~~~~^~~~~~~~~
      |                           |
      |                           char
In file included from test.c:3:
C:/msys64/ucrt64/include/string.h:63:34: note: expected 'const char *' but argument is of type 'char'
   63 |   int __cdecl strcmp(const char *_Str1,const char *_Str2);
      |                      ~~~~~~~~~~~~^~~~~
exercises.c:142:44: error: passing argument 2 of 'strcmp' makes pointer from integer without a cast [-Werror=int-conversion]
  142 |          if (strcmp(cadena[control], cadena[control2]) == 0)
      |                                      ~~~~~~^~~~~~~~~~
      |                                            |
      |                                            char
C:/msys64/ucrt64/include/string.h:63:52: note: expected 'const char *' but argument is of type 'char'
   63 |   int __cdecl strcmp(const char *_Str1,const char *_Str2);
      |                                        ~~~~~~~~~~~~^~~~~
cc1.exe: all warnings being treated as errors
Compilation failed
649a118
Sun, Mar 23, 2025  3:45:51 PM: 
In file included from test.c:5:
exercises.c: In function 'parentesisBalanceados':
exercises.c:142:27: error: passing argument 1 of 'strcmp' makes pointer from integer without a cast [-Werror=int-conversion]
  142 |          if (strcmp(cadena[control], cadena[control2]) == 0)
      |                     ~~~~~~^~~~~~~~~
      |                           |
      |                           char
In file included from test.c:3:
C:/msys64/ucrt64/include/string.h:63:34: note: expected 'const char *' but argument is of type 'char'
   63 |   int __cdecl strcmp(const char *_Str1,const char *_Str2);
      |                      ~~~~~~~~~~~~^~~~~
exercises.c:142:44: error: passing argument 2 of 'strcmp' makes pointer from integer without a cast [-Werror=int-conversion]
  142 |          if (strcmp(cadena[control], cadena[control2]) == 0)
      |                                      ~~~~~~^~~~~~~~~~
      |                                            |
      |                                            char
C:/msys64/ucrt64/include/string.h:63:52: note: expected 'const char *' but argument is of type 'char'
   63 |   int __cdecl strcmp(const char *_Str1,const char *_Str2);
      |                                        ~~~~~~~~~~~~^~~~~
cc1.exe: all warnings being treated as errors
Compilation failed
650cfc5
Sun, Mar 23, 2025  3:48:04 PM: 
 exercises.c | 19 -------------------
 1 file changed, 19 deletions(-)
 tests:  0|0
8731f2f
Sun, Mar 23, 2025  3:51:50 PM: 
 exercises.c | 6 +++---
 1 file changed, 3 insertions(+), 3 deletions(-)
In file included from test.c:5:
exercises.c: In function 'crea_lista':
exercises.c:51:21: error: passing argument 2 of 'pushCurrent' makes pointer from integer without a cast [-Werror=int-conversion]
   51 |       pushCurrent(L,control);
      |                     ^~~~~~~
      |                     |
      |                     short unsigned int
In file included from exercises.c:6:
arraylist.h:23:33: note: expected 'void *' but argument is of type 'short unsigned int'
   23 | void pushCurrent(List *L, void *dato);
      |                           ~~~~~~^~~~
cc1.exe: all warnings being treated as errors
Compilation failed
86c4b84
Sun, Mar 23, 2025  3:52:10 PM: 
 exercises.c | 2 +-
 1 file changed, 1 insertion(+), 1 deletion(-)
 tests:  0|0
dbb912f
Sun, Mar 23, 2025  3:53:01 PM: 
 exercises.c | 2 +-
 1 file changed, 1 insertion(+), 1 deletion(-)
 tests:  0|0
21a78cc
Sun, Mar 23, 2025  3:53:59 PM: 
 exercises.c | 4 ++--
 1 file changed, 2 insertions(+), 2 deletions(-)
In file included from test.c:5:
exercises.c: In function 'crea_lista':
exercises.c:51:7: error: implicit declaration of function 'pushback'; did you mean 'pushBack'? [-Werror=implicit-function-declaration]
   51 |       pushback(L, &control);
      |       ^~~~~~~~
      |       pushBack
cc1.exe: all warnings being treated as errors
Compilation failed
ef75c88
Sun, Mar 23, 2025  3:55:13 PM: 
 exercises.c | 4 ++--
 1 file changed, 2 insertions(+), 2 deletions(-)
 tests:  0|0
6c521d7
Sun, Mar 23, 2025  3:56:32 PM: 
 exercises.c | 4 ++--
 1 file changed, 2 insertions(+), 2 deletions(-)
 tests:  0|0
fdfbcf2
Sun, Mar 23, 2025  3:58:17 PM: 
 exercises.c | 2 +-
 1 file changed, 1 insertion(+), 1 deletion(-)
 tests:  0|0
68b7ef4
Sun, Mar 23, 2025  3:59:37 PM: 
 exercises.c | 4 ++--
 1 file changed, 2 insertions(+), 2 deletions(-)
In file included from test.c:5:
exercises.c: In function 'sumaLista':
exercises.c:65:8: error: unused variable 'control' [-Werror=unused-variable]
   65 |    int control, suma = 0;
      |        ^~~~~~~
exercises.c: In function 'eliminaElementos':
exercises.c:87:8: error: unused variable 'control' [-Werror=unused-variable]
   87 |    int control;
      |        ^~~~~~~
cc1.exe: all warnings being treated as errors
Compilation failed
65e4fb2
Sun, Mar 23, 2025  4:00:06 PM: 
 exercises.c | 3 +--
 1 file changed, 1 insertion(+), 2 deletions(-)
 tests:  0|0
8408a2a
Sun, Mar 23, 2025  4:04:06 PM: 
 exercises.c | 1 +
 1 file changed, 1 insertion(+)
In file included from test.c:5:
exercises.c: In function 'crea_lista':
exercises.c:51:33: error: invalid application of 'sizeof' to incomplete type 'List'
   51 |       L = (List*) malloc(sizeof(List) * control);
      |                                 ^~~~
Compilation failed
48fe6cd
Sun, Mar 23, 2025  4:04:19 PM: 
 exercises.c | 2 +-
 1 file changed, 1 insertion(+), 1 deletion(-)
 tests:  0|0
b59f84f
Sun, Mar 23, 2025  4:05:08 PM: 
 exercises.c | 4 ++--
 1 file changed, 2 insertions(+), 2 deletions(-)
 tests:  0|0
5fa6223
Sun, Mar 23, 2025  4:07:25 PM: 
 exercises.c | 5 ++---
 1 file changed, 2 insertions(+), 3 deletions(-)
 tests:  0|0
e20d3ea
Sun, Mar 23, 2025  4:12:29 PM: 
 exercises.c | 5 -----
 1 file changed, 5 deletions(-)
 tests:  0|0
3eb5929
Sun, Mar 23, 2025  4:15:11 PM: 
 exercises.c | 6 ++++++
 1 file changed, 6 insertions(+)
 tests:  0|0
e7d584d
Sun, Mar 23, 2025  4:15:31 PM: 
 exercises.c | 2 +-
 1 file changed, 1 insertion(+), 1 deletion(-)
In file included from test.c:5:
exercises.c: In function 'crea_lista':
exercises.c:51:34: error: invalid application of 'sizeof' to incomplete type 'List'
   51 |       L = (List *) malloc(sizeof(List) * control);
      |                                  ^~~~
Compilation failed
e603d1c
Sun, Mar 23, 2025  4:17:18 PM: 
 exercises.c | 3 ++-
 1 file changed, 2 insertions(+), 1 deletion(-)
In file included from test.c:5:
exercises.c: In function 'crea_lista':
exercises.c:51:44: error: invalid application of 'sizeof' to incomplete type 'List'
   51 |       L = (List *) malloc(control * sizeof(List));
      |                                            ^~~~
Compilation failed
390160f
Sun, Mar 23, 2025  4:17:28 PM: 
 exercises.c | 2 +-
 1 file changed, 1 insertion(+), 1 deletion(-)
 tests:  0|0
dfa9efa
Sun, Mar 23, 2025  4:19:27 PM: 
 exercises.c | 5 ++---
 1 file changed, 2 insertions(+), 3 deletions(-)
In file included from test.c:5:
exercises.c: In function 'crea_lista':
exercises.c:51:48: error: invalid application of 'sizeof' to incomplete type 'List'
   51 |       L = (List *) realloc(L, control * sizeof(List));
      |                                                ^~~~
Compilation failed
b9197b5
Sun, Mar 23, 2025  4:19:36 PM: 
 exercises.c | 2 +-
 1 file changed, 1 insertion(+), 1 deletion(-)
 tests:  0|0
1d3e453
Sun, Mar 23, 2025  4:20:46 PM: 
 exercises.c | 6 ++----
 1 file changed, 2 insertions(+), 4 deletions(-)
In file included from test.c:5:
exercises.c: In function 'crea_lista':
exercises.c:48:8: error: unused variable 'control' [-Werror=unused-variable]
   48 |    int control;
      |        ^~~~~~~
cc1.exe: all warnings being treated as errors
Compilation failed
5d00a7f
Sun, Mar 23, 2025  4:20:59 PM: 
 exercises.c | 4 +---
 1 file changed, 1 insertion(+), 3 deletions(-)
In file included from test.c:5:
exercises.c: In function 'crea_lista':
exercises.c:48:36: error: invalid application of 'sizeof' to incomplete type 'List'
   48 |    L = (List *) malloc(10 * sizeof(List));
      |                                    ^~~~
Compilation failed
9b36e46
Sun, Mar 23, 2025  4:22:10 PM: 
 exercises.c | 2 +-
 1 file changed, 1 insertion(+), 1 deletion(-)
In file included from test.c:5:
exercises.c: In function 'crea_lista':
exercises.c:48:31: error: invalid application of 'sizeof' to incomplete type 'List'
   48 |    L = (List *) malloc(sizeof(List) * 10);
      |                               ^~~~
Compilation failed
45661f5
Sun, Mar 23, 2025  4:30:18 PM: 
 exercises.c | 2 +-
 1 file changed, 1 insertion(+), 1 deletion(-)
In file included from test.c:5:
exercises.c: In function 'crea_lista':
exercises.c:48:35: error: invalid application of 'sizeof' to incomplete type 'List'
   48 |    L = (List *) realloc(L, sizeof(List) * 10);
      |                                   ^~~~
Compilation failed
413c1ce
Sun, Mar 23, 2025  4:31:29 PM: 
 exercises.c | 2 +-
 1 file changed, 1 insertion(+), 1 deletion(-)
In file included from test.c:5:
exercises.c: In function 'crea_lista':
exercises.c:48:17: error: redefinition of 'L'
   48 |    struct List* L = (List *) malloc(sizeof(struct List) * 10);
      |                 ^
exercises.c:46:10: note: previous definition of 'L' with type 'List *'
   46 |    List* L = create_list();
      |          ^
exercises.c:48:44: error: invalid application of 'sizeof' to incomplete type 'struct List'
   48 |    struct List* L = (List *) malloc(sizeof(struct List) * 10);
      |                                            ^~~~~~
Compilation failed
13d7e03
Sun, Mar 23, 2025  4:31:50 PM: 
 exercises.c | 2 +-
 1 file changed, 1 insertion(+), 1 deletion(-)
In file included from test.c:5:
exercises.c: In function 'crea_lista':
exercises.c:48:17: error: redefinition of 'L'
   48 |    struct List* L = (struct List *) malloc(sizeof(struct List) * 10);
      |                 ^
exercises.c:46:10: note: previous definition of 'L' with type 'List *'
   46 |    List* L = create_list();
      |          ^
exercises.c:48:51: error: invalid application of 'sizeof' to incomplete type 'struct List'
   48 |    struct List* L = (struct List *) malloc(sizeof(struct List) * 10);
      |                                                   ^~~~~~
Compilation failed
38fb389
Sun, Mar 23, 2025  4:53:58 PM: 
 exercises.c | 8 ++++++--
 1 file changed, 6 insertions(+), 2 deletions(-)
In file included from test.c:5:
exercises.c: In function 'crea_lista':
exercises.c:50:34: error: invalid application of 'sizeof' to incomplete type 'List'
   50 |       L = (List *) malloc(sizeof(List));
      |                                  ^~~~
Compilation failed
5b4876b
Sun, Mar 23, 2025  4:59:13 PM: 
 exercises.c | 4 ++--
 1 file changed, 2 insertions(+), 2 deletions(-)
 tests:  0|0
608740b
Sun, Mar 23, 2025  5:00:23 PM: 
 exercises.c | 3 ++-
 1 file changed, 2 insertions(+), 1 deletion(-)
 tests:  0|0
eaa4fc7
Sun, Mar 23, 2025  5:01:23 PM: 
 exercises.c | 2 +-
 1 file changed, 1 insertion(+), 1 deletion(-)
 tests:  0|0
2e28f97
Sun, Mar 23, 2025  5:04:28 PM: 
 exercises.c | 4 ++--
 1 file changed, 2 insertions(+), 2 deletions(-)
 tests:  0|0
025d012
Sun, Mar 23, 2025  5:06:10 PM: 
 exercises.c | 4 ++--
 1 file changed, 2 insertions(+), 2 deletions(-)
 tests:  3|2
total_score: 40/70
e899079
Sun, Mar 23, 2025  5:07:20 PM: 
 exercises.c | 1 +
 1 file changed, 1 insertion(+)
 tests:  4|1
total_score: 50/70
3856e48
Sun, Mar 23, 2025  5:09:24 PM: 
 exercises.c | Unmerged
 exercises.c | 5 +++++
 1 file changed, 5 insertions(+)
In file included from test.c:5:
exercises.c: In function 'crea_lista':
exercises.c:47:1: error: version control conflict marker in file
   47 | <<<<<<< HEAD
      | ^~~~~~~
exercises.c:49:1: error: version control conflict marker in file
   49 | =======
      | ^~~~~~~
exercises.c:52:1: error: version control conflict marker in file
   52 | >>>>>>> e5c13ed46e8bbf588cc3564ad8e81e081d0b0576
      | ^~~~~~~
exercises.c:46:10: error: unused variable 'L' [-Werror=unused-variable]
   46 |    List* L = create_list();
      |          ^
exercises.c:61:1: error: control reaches end of non-void function [-Werror=return-type]
   61 | }
      | ^
cc1.exe: all warnings being treated as errors
Compilation failed
a30574e
Sun, Mar 23, 2025  5:11:02 PM: 
 exercises.c | 5 -----
 1 file changed, 5 deletions(-)
 tests:  4|1
total_score: 50/70
3dcef63
Sun, Mar 23, 2025  5:54:51 PM: 
 exercises.c | 21 +++++++++++++++++++++
 1 file changed, 21 insertions(+)
In file included from test.c:5:
exercises.c: In function 'parentesisBalanceados':
exercises.c:141:25: error: passing argument 2 of 'push' makes pointer from integer without a cast [-Werror=int-conversion]
  141 |       push(pila1, cadena[control]);
      |                   ~~~~~~^~~~~~~~~
      |                         |
      |                         char
In file included from exercises.c:7:
stack.h:11:31: note: expected 'void *' but argument is of type 'char'
   11 | void push(Stack *stack, void *data) { pushFront(stack, data); }
      |                         ~~~~~~^~~~
exercises.c:142:25: error: passing argument 2 of 'push' makes pointer from integer without a cast [-Werror=int-conversion]
  142 |       push(pila2, cadena[control]);
      |                   ~~~~~~^~~~~~~~~
      |                         |
      |                         char
stack.h:11:31: note: expected 'void *' but argument is of type 'char'
   11 | void push(Stack *stack, void *data) { pushFront(stack, data); }
      |                         ~~~~~~^~~~
exercises.c:146:25: error: initialization of 'char' from 'void *' makes integer from pointer without a cast [-Werror=int-conversion]
  146 |       char lastValor1 = pop(pila1);
      |                         ^~~
exercises.c:147:25: error: initialization of 'char' from 'void *' makes integer from pointer without a cast [-Werror=int-conversion]
  147 |       char lastValor2 = pop(pila2);
      |                         ^~~
cc1.exe: all warnings being treated as errors
Compilation failed
a17993a
Sun, Mar 23, 2025  5:55:29 PM: 
 exercises.c | 2 +-
 1 file changed, 1 insertion(+), 1 deletion(-)
In file included from test.c:5:
exercises.c: In function 'parentesisBalanceados':
exercises.c:141:25: error: passing argument 2 of 'push' makes pointer from integer without a cast [-Werror=int-conversion]
  141 |       push(pila1, cadena[control]);
      |                   ~~~~~~^~~~~~~~~
      |                         |
      |                         char
In file included from exercises.c:7:
stack.h:11:31: note: expected 'void *' but argument is of type 'char'
   11 | void push(Stack *stack, void *data) { pushFront(stack, data); }
      |                         ~~~~~~^~~~
exercises.c:142:25: error: passing argument 2 of 'push' makes pointer from integer without a cast [-Werror=int-conversion]
  142 |       push(pila2, cadena[control2]);
      |                   ~~~~~~^~~~~~~~~~
      |                         |
      |                         char
stack.h:11:31: note: expected 'void *' but argument is of type 'char'
   11 | void push(Stack *stack, void *data) { pushFront(stack, data); }
      |                         ~~~~~~^~~~
exercises.c:146:25: error: initialization of 'char' from 'void *' makes integer from pointer without a cast [-Werror=int-conversion]
  146 |       char lastValor1 = pop(pila1);
      |                         ^~~
exercises.c:147:25: error: initialization of 'char' from 'void *' makes integer from pointer without a cast [-Werror=int-conversion]
  147 |       char lastValor2 = pop(pila2);
      |                         ^~~
cc1.exe: all warnings being treated as errors
Compilation failed
20bcbc6
Sun, Mar 23, 2025  5:58:10 PM: 
 exercises.c | 6 +++---
 1 file changed, 3 insertions(+), 3 deletions(-)
In file included from test.c:5:
exercises.c: In function 'parentesisBalanceados':
exercises.c:141:25: error: passing argument 2 of 'push' makes pointer from integer without a cast [-Werror=int-conversion]
  141 |       push(pila1, cadena[control]);
      |                   ~~~~~~^~~~~~~~~
      |                         |
      |                         char
In file included from exercises.c:7:
stack.h:11:31: note: expected 'void *' but argument is of type 'char'
   11 | void push(Stack *stack, void *data) { pushFront(stack, data); }
      |                         ~~~~~~^~~~
exercises.c:142:25: error: passing argument 2 of 'push' makes pointer from integer without a cast [-Werror=int-conversion]
  142 |       push(pila2, cadena[control2]);
      |                   ~~~~~~^~~~~~~~~~
      |                         |
      |                         char
stack.h:11:31: note: expected 'void *' but argument is of type 'char'
   11 | void push(Stack *stack, void *data) { pushFront(stack, data); }
      |                         ~~~~~~^~~~
cc1.exe: all warnings being treated as errors
Compilation failed
f4c9f60
Sun, Mar 23, 2025  6:07:23 PM: 
 exercises.c | 10 ++++++++--
 1 file changed, 8 insertions(+), 2 deletions(-)
 tests:  0|0
b84eed2
Sun, Mar 23, 2025  6:14:19 PM: 
 exercises.c | 2 +-
 1 file changed, 1 insertion(+), 1 deletion(-)
 tests:  0|0
55901b7
Sun, Mar 23, 2025  6:15:06 PM: 
 exercises.c | 45 ++++++++++++++++++++++++---------------------
 1 file changed, 24 insertions(+), 21 deletions(-)
In file included from test.c:5:
exercises.c: In function 'parentesisBalanceados':
exercises.c:145:17: error: implicit declaration of function 'is_empty' [-Werror=implicit-function-declaration]
  145 |             if (is_empty(pila)) return 0;
      |                 ^~~~~~~~
exercises.c:160:5: error: implicit declaration of function 'free_stack'; did you mean 'create_stack'? [-Werror=implicit-function-declaration]
  160 |     free_stack(pila);
      |     ^~~~~~~~~~
      |     create_stack
cc1.exe: all warnings being treated as errors
Compilation failed
3f17f77
Sun, Mar 23, 2025  6:15:34 PM: 
 exercises.c | 44 +++++++++++++++++++++-----------------------
 1 file changed, 21 insertions(+), 23 deletions(-)
 tests:  0|0
3f9462d
Sun, Mar 23, 2025  6:16:54 PM: 
 exercises.c | 4 ++--
 1 file changed, 2 insertions(+), 2 deletions(-)
In file included from test.c:5:
exercises.c: In function 'parentesisBalanceados':
exercises.c:144:13: error: assignment to 'char *' from 'char' makes pointer from integer without a cast [-Werror=int-conversion]
  144 |       dato1 = cadena[control];
      |             ^
exercises.c:145:13: error: assignment to 'char *' from 'char' makes pointer from integer without a cast [-Werror=int-conversion]
  145 |       dato2 = cadena[control2];
      |             ^
cc1.exe: all warnings being treated as errors
Compilation failed
fc2f249
Sun, Mar 23, 2025  6:17:20 PM: 
 exercises.c | 4 ++--
 1 file changed, 2 insertions(+), 2 deletions(-)
 tests:  0|0
6c5f690
Sun, Mar 23, 2025  6:21:27 PM: 
 exercises.c | 3 ++-
 1 file changed, 2 insertions(+), 1 deletion(-)
 tests:  0|0
f7b2a57
Sun, Mar 23, 2025  6:27:49 PM: 
 exercises.c | 2 +-
 1 file changed, 1 insertion(+), 1 deletion(-)
 tests:  0|0
ad896f1
Sun, Mar 23, 2025  6:29:43 PM: 
 exercises.c | 2 +-
 1 file changed, 1 insertion(+), 1 deletion(-)
 tests:  4|1
total_score: 50/70
3f63640
Sun, Mar 23, 2025  6:33:48 PM: 
 exercises.c | 2 +-
 1 file changed, 1 insertion(+), 1 deletion(-)
In file included from test.c:5:
exercises.c: In function 'parentesisBalanceados':
exercises.c:156:19: error: passing argument 1 of 'strcmp' makes pointer from integer without a cast [-Werror=int-conversion]
  156 |       if (strcmp (*lastValor1, *lastValor2) == 0) balanceado++;
      |                   ^~~~~~~~~~~
      |                   |
      |                   char
In file included from test.c:3:
C:/msys64/ucrt64/include/string.h:63:34: note: expected 'const char *' but argument is of type 'char'
   63 |   int __cdecl strcmp(const char *_Str1,const char *_Str2);
      |                      ~~~~~~~~~~~~^~~~~
exercises.c:156:32: error: passing argument 2 of 'strcmp' makes pointer from integer without a cast [-Werror=int-conversion]
  156 |       if (strcmp (*lastValor1, *lastValor2) == 0) balanceado++;
      |                                ^~~~~~~~~~~
      |                                |
      |                                char
C:/msys64/ucrt64/include/string.h:63:52: note: expected 'const char *' but argument is of type 'char'
   63 |   int __cdecl strcmp(const char *_Str1,const char *_Str2);
      |                                        ~~~~~~~~~~~~^~~~~
cc1.exe: all warnings being treated as errors
Compilation failed
803cb16
